<?xml version="1.0" encoding="UTF-8"?>
<Site BuildName="Linux-g++"
	BuildStamp="20230608-1851-Experimental"
	Name="1c72394b70b8"
	Generator="ctest-3.22.1"
	CompilerName="/usr/bin/g++"
	CompilerVersion="11.3.0"
	OSName="Linux"
	Hostname="1c72394b70b8"
	OSRelease="5.15.49-linuxkit"
	OSVersion="#1 SMP Tue Sep 13 07:51:46 UTC 2022"
	OSPlatform="x86_64"
	Is64Bits="1"
	VendorString="GenuineIntel"
	VendorID="Intel Corporation"
	FamilyID="6"
	ModelID="158"
	ProcessorCacheSize="12288"
	NumberOfLogicalCPU="6"
	NumberOfPhysicalCPU="6"
	TotalVirtualMemory="1023"
	TotalPhysicalMemory="7859"
	LogicalProcessorsPerPhysical="1"
	ProcessorClockFrequency="2591.98"
	>
	<Testing>
		<StartDateTime>Jun 08 18:51 UTC</StartDateTime>
		<StartTestTime>1686250288</StartTestTime>
		<TestList/>
		<EndDateTime>Jun 08 18:51 UTC</EndDateTime>
		<EndTestTime>1686250288</EndTestTime>
		<ElapsedMinutes>0</ElapsedMinutes>
	</Testing>
</Site>
